2020-10-25 00:07:17,561 INFO  com.liveguru.users.Level_18_Allure_Report - TC - 01: Click to my account link
2020-10-25 00:07:18,587 INFO  com.liveguru.users.Level_18_Allure_Report - TC - 02: Input email to Email Field
2020-10-25 00:07:18,704 INFO  com.liveguru.users.Level_18_Allure_Report - TC - 03: Input password to password field
2020-10-25 00:07:18,785 INFO  com.liveguru.users.Level_18_Allure_Report - TC - 04: Click on Login Button
2020-10-25 00:07:20,577 INFO  com.liveguru.users.Level_18_Allure_Report - TC - 05: Check the title login display
2020-10-25 00:07:21,286 INFO  com.liveguru.users.Level_18_Allure_Report - TC - 02: Open the About Page from Dashboard
2020-10-25 00:07:22,107 INFO  com.liveguru.users.Level_18_Allure_Report - TC - 02: Open Contact Us Page from Search Page
2020-10-25 00:07:23,558 INFO  com.liveguru.users.Level_18_Allure_Report - TC - 02: Open Search Item Page form Contact Us Page
2020-10-25 00:07:25,122 INFO  com.liveguru.users.Level_18_Allure_Report - TC - 02: Open Advance Search Page from Search Item Page
2020-10-25 00:07:26,415 INFO  com.liveguru.users.Level_18_Allure_Report - OS name = mac os x
2020-10-25 00:26:04,778 INFO  com.liveguru.users.Level_18_Allure_Report - OS name = mac os x
2020-10-25 00:26:42,453 INFO  com.liveguru.users.Level_18_Allure_Report - TC - 01: Click to my account link
2020-10-25 00:26:43,515 INFO  com.liveguru.users.Level_18_Allure_Report - TC - 02: Input email to Email Field
2020-10-25 00:26:43,639 INFO  com.liveguru.users.Level_18_Allure_Report - TC - 03: Input password to password field
2020-10-25 00:26:43,731 INFO  com.liveguru.users.Level_18_Allure_Report - TC - 04: Click on Login Button
2020-10-25 00:26:44,859 INFO  com.liveguru.users.Level_18_Allure_Report - TC - 05: Check the title login display
2020-10-25 00:26:45,489 INFO  com.liveguru.users.Level_18_Allure_Report - TC - 02: Open the About Page from Dashboard
2020-10-25 00:26:46,938 INFO  com.liveguru.users.Level_18_Allure_Report - TC - 02: Open Contact Us Page from Search Page
2020-10-25 00:26:48,160 INFO  com.liveguru.users.Level_18_Allure_Report - TC - 02: Open Search Item Page form Contact Us Page
2020-10-25 00:26:48,930 INFO  com.liveguru.users.Level_18_Allure_Report - TC - 02: Open Advance Search Page from Search Item Page
2020-10-25 00:26:51,240 INFO  com.liveguru.users.Level_18_Allure_Report - OS name = mac os x
2020-10-25 00:28:31,713 INFO  com.liveguru.users.Level_18_Allure_Report - TC - 01: Click to my account link
2020-10-25 00:28:33,044 INFO  com.liveguru.users.Level_18_Allure_Report - TC - 02: Input email to Email Field
2020-10-25 00:28:33,176 INFO  com.liveguru.users.Level_18_Allure_Report - TC - 03: Input password to password field
2020-10-25 00:28:33,266 INFO  com.liveguru.users.Level_18_Allure_Report - TC - 04: Click on Login Button
2020-10-25 00:28:34,382 INFO  com.liveguru.users.Level_18_Allure_Report - TC - 05: Check the title login display
2020-10-25 00:28:35,036 INFO  com.liveguru.users.Level_18_Allure_Report - TC - 02: Open the About Page from Dashboard
2020-10-25 00:28:36,494 INFO  com.liveguru.users.Level_18_Allure_Report - TC - 02: Open Contact Us Page from Search Page
2020-10-25 00:28:37,878 INFO  com.liveguru.users.Level_18_Allure_Report - TC - 02: Open Search Item Page form Contact Us Page
2020-10-25 00:28:39,266 INFO  com.liveguru.users.Level_18_Allure_Report - TC - 02: Open Advance Search Page from Search Item Page
2020-10-25 00:28:40,564 INFO  com.liveguru.users.Level_18_Allure_Report - OS name = mac os x
2020-10-25 00:39:10,516 INFO  com.liveguru.users.Level_18_Allure_Report - TC - 01: Click to my account link
2020-10-25 00:39:11,867 INFO  com.liveguru.users.Level_18_Allure_Report - TC - 02: Input email to Email Field
2020-10-25 00:39:11,990 INFO  com.liveguru.users.Level_18_Allure_Report - TC - 03: Input password to password field
2020-10-25 00:39:12,080 INFO  com.liveguru.users.Level_18_Allure_Report - TC - 04: Click on Login Button
2020-10-25 00:39:14,133 INFO  com.liveguru.users.Level_18_Allure_Report - TC - 05: Check the title login display
2020-10-25 00:39:14,789 INFO  com.liveguru.users.Level_18_Allure_Report - TC - 02: Open the About Page from Dashboard
2020-10-25 00:39:16,473 INFO  com.liveguru.users.Level_18_Allure_Report - TC - 02: Open Contact Us Page from Search Page
2020-10-25 00:39:17,719 INFO  com.liveguru.users.Level_18_Allure_Report - TC - 02: Open Search Item Page form Contact Us Page
2020-10-25 00:39:18,565 INFO  com.liveguru.users.Level_18_Allure_Report - TC - 02: Open Advance Search Page from Search Item Page
2020-10-25 00:39:19,942 INFO  com.liveguru.users.Level_18_Allure_Report - OS name = mac os x
2020-10-25 00:40:01,661 INFO  com.liveguru.users.Level_18_Allure_Report - TC - 01: Click to my account link
2020-10-25 00:40:05,200 INFO  com.liveguru.users.Level_18_Allure_Report - TC - 02: Input email to Email Field
2020-10-25 00:40:05,262 INFO  com.liveguru.users.Level_18_Allure_Report - TC - 03: Input password to password field
2020-10-25 00:40:05,308 INFO  com.liveguru.users.Level_18_Allure_Report - TC - 04: Click on Login Button
2020-10-25 00:40:14,172 INFO  com.liveguru.users.Level_18_Allure_Report - TC - 05: Check the title login display
2020-10-25 00:40:14,564 INFO  com.liveguru.users.Level_18_Allure_Report - TC - 02: Open the About Page from Dashboard
2020-10-25 00:40:14,633 INFO  com.liveguru.users.Level_18_Allure_Report - OS name = mac os x
2020-10-25 00:44:15,461 INFO  com.liveguru.users.Level_18_Allure_Report - TC - 01: Click to my account link
2020-10-25 00:44:16,806 INFO  com.liveguru.users.Level_18_Allure_Report - TC - 02: Input email to Email Field
2020-10-25 00:44:16,932 INFO  com.liveguru.users.Level_18_Allure_Report - TC - 03: Input password to password field
2020-10-25 00:44:17,026 INFO  com.liveguru.users.Level_18_Allure_Report - TC - 04: Click on Login Button
2020-10-25 00:44:18,178 INFO  com.liveguru.users.Level_18_Allure_Report - TC - 05: Check the title login display
2020-10-25 00:44:19,008 INFO  com.liveguru.users.Level_18_Allure_Report - TC - 02: Open the About Page from Dashboard
2020-10-25 00:44:20,439 INFO  com.liveguru.users.Level_18_Allure_Report - TC - 02: Open Contact Us Page from Search Page
2020-10-25 00:44:21,897 INFO  com.liveguru.users.Level_18_Allure_Report - TC - 02: Open Search Item Page form Contact Us Page
2020-10-25 00:44:23,279 INFO  com.liveguru.users.Level_18_Allure_Report - TC - 02: Open Advance Search Page from Search Item Page
2020-10-25 00:44:24,637 INFO  com.liveguru.users.Level_18_Allure_Report - OS name = mac os x
2020-10-25 00:45:15,435 INFO  com.liveguru.users.Level_18_Allure_Report - TC - 01: Click to my account link
2020-10-25 00:45:19,500 INFO  com.liveguru.users.Level_18_Allure_Report - TC - 02: Input email to Email Field
2020-10-25 00:45:19,564 INFO  com.liveguru.users.Level_18_Allure_Report - TC - 03: Input password to password field
2020-10-25 00:45:19,614 INFO  com.liveguru.users.Level_18_Allure_Report - TC - 04: Click on Login Button
2020-10-25 00:45:27,843 INFO  com.liveguru.users.Level_18_Allure_Report - TC - 05: Check the title login display
2020-10-25 00:45:28,228 INFO  com.liveguru.users.Level_18_Allure_Report - TC - 02: Open the About Page from Dashboard
2020-10-25 00:45:28,296 INFO  com.liveguru.users.Level_18_Allure_Report - OS name = mac os x
2020-10-25 16:51:06,923 INFO  com.liveguru.users.Level_18_Allure_Report - TC - 01: Click to my account link
2020-10-25 16:51:08,439 INFO  com.liveguru.users.Level_18_Allure_Report - TC - 02: Input email to Email Field
2020-10-25 16:51:08,554 INFO  com.liveguru.users.Level_18_Allure_Report - TC - 03: Input password to password field
2020-10-25 16:51:08,640 INFO  com.liveguru.users.Level_18_Allure_Report - TC - 04: Click on Login Button
2020-10-25 16:51:09,777 INFO  com.liveguru.users.Level_18_Allure_Report - TC - 05: Check the title login display
2020-10-25 16:51:10,473 INFO  com.liveguru.users.Level_18_Allure_Report - TC - 02: Open the About Page from Dashboard
2020-10-25 16:51:11,919 INFO  com.liveguru.users.Level_18_Allure_Report - TC - 02: Open Contact Us Page from Search Page
2020-10-25 16:51:13,557 INFO  com.liveguru.users.Level_18_Allure_Report - TC - 02: Open Search Item Page form Contact Us Page
2020-10-25 16:51:15,204 INFO  com.liveguru.users.Level_18_Allure_Report - TC - 02: Open Advance Search Page from Search Item Page
2020-10-25 16:51:16,838 INFO  com.liveguru.users.Level_18_Allure_Report - OS name = mac os x
2020-10-25 16:51:54,998 INFO  com.liveguru.users.Level_18_Allure_Report - TC - 01: Click to my account link
2020-10-25 16:51:58,686 INFO  com.liveguru.users.Level_18_Allure_Report - TC - 02: Input email to Email Field
2020-10-25 16:51:58,754 INFO  com.liveguru.users.Level_18_Allure_Report - TC - 03: Input password to password field
2020-10-25 16:51:58,797 INFO  com.liveguru.users.Level_18_Allure_Report - TC - 04: Click on Login Button
2020-10-25 16:52:02,724 INFO  com.liveguru.users.Level_18_Allure_Report - TC - 05: Check the title login display
2020-10-25 16:52:03,120 INFO  com.liveguru.users.Level_18_Allure_Report - TC - 02: Open the About Page from Dashboard
2020-10-25 16:52:03,188 INFO  com.liveguru.users.Level_18_Allure_Report - OS name = mac os x
2020-10-25 16:53:55,512 INFO  com.liveguru.users.Level_18_Allure_Report - OS name = mac os x
2020-10-25 16:54:46,410 INFO  com.liveguru.users.Level_18_Allure_Report - TC - 01: Click to my account link
2020-10-25 16:54:47,989 INFO  com.liveguru.users.Level_18_Allure_Report - TC - 02: Input email to Email Field
2020-10-25 16:54:48,102 INFO  com.liveguru.users.Level_18_Allure_Report - TC - 03: Input password to password field
2020-10-25 16:54:48,185 INFO  com.liveguru.users.Level_18_Allure_Report - TC - 04: Click on Login Button
2020-10-25 16:54:49,352 INFO  com.liveguru.users.Level_18_Allure_Report - TC - 05: Check the title login display
2020-10-25 16:54:50,053 INFO  com.liveguru.users.Level_18_Allure_Report - TC - 02: Open the About Page from Dashboard
2020-10-25 16:54:51,466 INFO  com.liveguru.users.Level_18_Allure_Report - TC - 02: Open Contact Us Page from Search Page
2020-10-25 16:54:54,130 INFO  com.liveguru.users.Level_18_Allure_Report - TC - 02: Open Search Item Page form Contact Us Page
2020-10-25 16:54:55,770 INFO  com.liveguru.users.Level_18_Allure_Report - TC - 02: Open Advance Search Page from Search Item Page
2020-10-25 16:54:57,410 INFO  com.liveguru.users.Level_18_Allure_Report - OS name = mac os x
2020-10-25 16:56:58,473 INFO  com.liveguru.users.Level_18_Allure_Report - OS name = mac os x
2020-10-25 16:57:19,886 INFO  com.liveguru.users.Level_18_Allure_Report - TC - 01: Click to my account link
2020-10-25 16:57:21,196 INFO  com.liveguru.users.Level_18_Allure_Report - TC - 02: Input email to Email Field
2020-10-25 16:57:21,329 INFO  com.liveguru.users.Level_18_Allure_Report - TC - 03: Input password to password field
2020-10-25 16:57:21,430 INFO  com.liveguru.users.Level_18_Allure_Report - TC - 04: Click on Login Button
2020-10-25 16:57:22,552 INFO  com.liveguru.users.Level_18_Allure_Report - TC - 05: Check the title login display
2020-10-25 16:57:23,286 INFO  com.liveguru.users.Level_18_Allure_Report - TC - 02: Open the About Page from Dashboard
2020-10-25 16:57:24,059 INFO  com.liveguru.users.Level_18_Allure_Report - TC - 02: Open Contact Us Page from Search Page
2020-10-25 16:57:25,682 INFO  com.liveguru.users.Level_18_Allure_Report - TC - 02: Open Search Item Page form Contact Us Page
2020-10-25 16:57:27,318 INFO  com.liveguru.users.Level_18_Allure_Report - TC - 02: Open Advance Search Page from Search Item Page
2020-10-25 16:57:28,950 INFO  com.liveguru.users.Level_18_Allure_Report - OS name = mac os x
2020-10-25 16:58:42,627 INFO  com.liveguru.users.Level_18_Allure_Report - OS name = mac os x
2020-10-25 16:59:06,276 INFO  com.liveguru.users.Level_18_Allure_Report - TC - 01: Click to my account link
2020-10-25 16:59:07,672 INFO  com.liveguru.users.Level_18_Allure_Report - TC - 02: Input email to Email Field
2020-10-25 16:59:07,787 INFO  com.liveguru.users.Level_18_Allure_Report - TC - 03: Input password to password field
2020-10-25 16:59:07,871 INFO  com.liveguru.users.Level_18_Allure_Report - TC - 04: Click on Login Button
2020-10-25 16:59:09,019 INFO  com.liveguru.users.Level_18_Allure_Report - TC - 05: Check the title login display
2020-10-25 16:59:09,710 INFO  com.liveguru.users.Level_18_Allure_Report - OS name = mac os x
2020-10-25 17:00:31,691 INFO  com.liveguru.users.Level_18_Allure_Report - TC - 01: Click to my account link
2020-10-25 17:00:33,279 INFO  com.liveguru.users.Level_18_Allure_Report - TC - 02: Input email to Email Field
2020-10-25 17:00:33,394 INFO  com.liveguru.users.Level_18_Allure_Report - TC - 03: Input password to password field
2020-10-25 17:00:33,475 INFO  com.liveguru.users.Level_18_Allure_Report - TC - 04: Click on Login Button
2020-10-25 17:00:34,745 INFO  com.liveguru.users.Level_18_Allure_Report - TC - 05: Check the title login display
2020-10-25 17:00:35,426 INFO  com.liveguru.users.Level_18_Allure_Report - OS name = mac os x
2020-10-25 17:02:22,284 INFO  com.liveguru.users.Level_18_Allure_Report - TC - 01: Click to my account link
2020-10-25 17:02:23,667 INFO  com.liveguru.users.Level_18_Allure_Report - TC - 02: Input email to Email Field
2020-10-25 17:02:23,783 INFO  com.liveguru.users.Level_18_Allure_Report - TC - 03: Input password to password field
2020-10-25 17:02:23,865 INFO  com.liveguru.users.Level_18_Allure_Report - TC - 04: Click on Login Button
2020-10-25 17:02:25,128 INFO  com.liveguru.users.Level_18_Allure_Report - TC - 05: Check the title login display
2020-10-25 17:02:25,833 INFO  com.liveguru.users.Level_18_Allure_Report - OS name = mac os x
2020-10-25 17:06:31,511 INFO  com.liveguru.users.Level_18_Allure_Report - TC - 01: Click to my account link
2020-10-25 17:06:32,982 INFO  com.liveguru.users.Level_18_Allure_Report - TC - 02: Input email to Email Field
2020-10-25 17:06:33,098 INFO  com.liveguru.users.Level_18_Allure_Report - TC - 03: Input password to password field
2020-10-25 17:06:33,184 INFO  com.liveguru.users.Level_18_Allure_Report - TC - 04: Click on Login Button
2020-10-25 17:06:34,370 INFO  com.liveguru.users.Level_18_Allure_Report - TC - 05: Check the title login display
2020-10-25 17:06:35,052 INFO  com.liveguru.users.Level_18_Allure_Report - TC - 02: Open the About Page from Dashboard
2020-10-25 17:06:35,783 INFO  com.liveguru.users.Level_18_Allure_Report - TC - 02: Open Contact Us Page from Search Page
2020-10-25 17:06:37,413 INFO  com.liveguru.users.Level_18_Allure_Report - TC - 02: Open Search Item Page form Contact Us Page
2020-10-25 17:06:39,055 INFO  com.liveguru.users.Level_18_Allure_Report - TC - 02: Open Advance Search Page from Search Item Page
2020-10-25 17:06:40,475 INFO  com.liveguru.users.Level_18_Allure_Report - OS name = mac os x
2020-10-25 17:07:53,710 INFO  com.liveguru.users.Level_18_Allure_Report - TC - 02: Open the About Page from Dashboard
2020-10-25 17:07:54,328 INFO  com.liveguru.users.Level_18_Allure_Report - OS name = mac os x
2020-10-25 17:09:43,866 INFO  com.liveguru.users.Level_18_Allure_Report - OS name = mac os x
2020-10-25 17:10:07,311 INFO  com.liveguru.users.Level_18_Allure_Report - TC - 02: Open the About Page from Dashboard
2020-10-25 17:10:08,617 INFO  com.liveguru.users.Level_18_Allure_Report - TC - 02: Open Contact Us Page from Search Page
2020-10-25 17:10:09,991 INFO  com.liveguru.users.Level_18_Allure_Report - TC - 02: Open Search Item Page form Contact Us Page
2020-10-25 17:10:11,584 INFO  com.liveguru.users.Level_18_Allure_Report - TC - 02: Open Advance Search Page from Search Item Page
2020-10-25 17:10:13,100 INFO  com.liveguru.users.Level_18_Allure_Report - OS name = mac os x
2020-10-25 17:10:58,987 INFO  com.liveguru.users.Level_18_Allure_Report - TC - 01: Click to my account link
2020-10-25 17:11:00,310 INFO  com.liveguru.users.Level_18_Allure_Report - TC - 02: Input email to Email Field
2020-10-25 17:11:00,426 INFO  com.liveguru.users.Level_18_Allure_Report - TC - 03: Input password to password field
2020-10-25 17:11:00,512 INFO  com.liveguru.users.Level_18_Allure_Report - TC - 04: Click on Login Button
2020-10-25 17:11:01,622 INFO  com.liveguru.users.Level_18_Allure_Report - TC - 05: Check the title login display
2020-10-25 17:11:02,371 INFO  com.liveguru.users.Level_18_Allure_Report - TC - 02: Open the About Page from Dashboard
2020-10-25 17:11:03,766 INFO  com.liveguru.users.Level_18_Allure_Report - TC - 02: Open Contact Us Page from Search Page
2020-10-25 17:11:05,286 INFO  com.liveguru.users.Level_18_Allure_Report - TC - 02: Open Search Item Page form Contact Us Page
2020-10-25 17:11:06,990 INFO  com.liveguru.users.Level_18_Allure_Report - TC - 02: Open Advance Search Page from Search Item Page
2020-10-25 17:11:08,625 INFO  com.liveguru.users.Level_18_Allure_Report - OS name = mac os x
2020-10-25 17:13:36,502 INFO  com.liveguru.users.Level_18_Allure_Report - TC - 01: Click to my account link
2020-10-25 17:13:37,818 INFO  com.liveguru.users.Level_18_Allure_Report - TC - 02: Input email to Email Field
2020-10-25 17:13:37,946 INFO  com.liveguru.users.Level_18_Allure_Report - TC - 03: Input password to password field
2020-10-25 17:13:38,049 INFO  com.liveguru.users.Level_18_Allure_Report - TC - 04: Click on Login Button
2020-10-25 17:13:39,169 INFO  com.liveguru.users.Level_18_Allure_Report - TC - 05: Check the title login display
2020-10-25 17:13:39,871 INFO  com.liveguru.users.Level_18_Allure_Report - OS name = mac os x
2020-10-25 17:15:48,391 INFO  com.liveguru.users.Level_18_Allure_Report - TC - 01: Click to my account link
2020-10-25 17:15:49,703 INFO  com.liveguru.users.Level_18_Allure_Report - TC - 02: Input email to Email Field
2020-10-25 17:15:49,831 INFO  com.liveguru.users.Level_18_Allure_Report - TC - 03: Input password to password field
2020-10-25 17:15:49,931 INFO  com.liveguru.users.Level_18_Allure_Report - TC - 04: Click on Login Button
2020-10-25 17:15:51,064 INFO  com.liveguru.users.Level_18_Allure_Report - TC - 05: Check the title login display
2020-10-25 17:15:51,811 INFO  com.liveguru.users.Level_18_Allure_Report - OS name = mac os x
2020-10-25 22:25:24,129 INFO  com.liveguru.users.Level_19_Dynamic_Element_Component -  -------------------------- PASSED -------------------------- 
2020-10-25 22:44:45,996 INFO  com.liveguru.users.Level_19_Dynamic_Element_Component -  -------------------------- PASSED -------------------------- 
